<?xml version="1.0" encoding="UTF-8"?>
<!-- Generated by org.testng.reporters.JUnitXMLReporter -->
<testsuite ignored="0" hostname="IBM-5F0MH24" failures="0" tests="6" name="Test" time="314.333" errors="0" timestamp="2024-07-25T18:55:50 IST">
  <testcase classname="Project.TC_1" name="Isha_Test" time="39.722"/>
  <testcase classname="Project.Test_2" name="test_Varun" time="40.886"/>
  <testcase classname="Project.Test_3" name="Test_Shivam" time="119.514"/>
  <testcase classname="Project.Test_4" name="Test_Rijul" time="18.678"/>
  <testcase classname="Project.Test_5" name="Bus_Mohit" time="36.096"/>
  <testcase classname="Project.Test_6" name="Cabs_Gopal" time="59.334"/>
</testsuite> <!-- Test -->
