<?xml version="1.0" encoding="UTF-8"?>
<testng-results ignored="0" total="6" passed="6" failed="0" skipped="0">
  <reporter-output>
  </reporter-output>
  <suite started-at="2024-07-25T18:50:35 IST" name="Suite" finished-at="2024-07-25T18:55:49 IST" duration-ms="314333">
    <groups>
    </groups>
    <test started-at="2024-07-25T18:50:35 IST" name="Test" finished-at="2024-07-25T18:55:49 IST" duration-ms="314333">
      <class name="Project.Test_4">
        <test-method signature="Test_Rijul()[pri:0, instance:Project.Test_4@11fc564b]" started-at="2024-07-25T18:53:55 IST" name="Test_Rijul" finished-at="2024-07-25T18:54:14 IST" duration-ms="18678" status="PASS">
          <reporter-output>
          </reporter-output>
        </test-method> <!-- Test_Rijul -->
      </class> <!-- Project.Test_4 -->
      <class name="Project.Test_5">
        <test-method signature="Bus_Mohit()[pri:0, instance:Project.Test_5@394a2528]" started-at="2024-07-25T18:54:14 IST" name="Bus_Mohit" finished-at="2024-07-25T18:54:50 IST" duration-ms="36096" status="PASS">
          <reporter-output>
          </reporter-output>
        </test-method> <!-- Bus_Mohit -->
      </class> <!-- Project.Test_5 -->
      <class name="Project.Test_6">
        <test-method signature="Cabs_Gopal()[pri:0, instance:Project.Test_6@6236eb5f]" started-at="2024-07-25T18:54:50 IST" name="Cabs_Gopal" finished-at="2024-07-25T18:55:49 IST" duration-ms="59334" status="PASS">
          <reporter-output>
          </reporter-output>
        </test-method> <!-- Cabs_Gopal -->
      </class> <!-- Project.Test_6 -->
      <class name="Project.TC_1">
        <test-method signature="Isha_Test()[pri:0, instance:Project.TC_1@3098cf3b]" started-at="2024-07-25T18:50:35 IST" name="Isha_Test" finished-at="2024-07-25T18:51:15 IST" duration-ms="39722" status="PASS">
          <reporter-output>
          </reporter-output>
        </test-method> <!-- Isha_Test -->
      </class> <!-- Project.TC_1 -->
      <class name="Project.Test_2">
        <test-method signature="test_Varun()[pri:0, instance:Project.Test_2@68567e20]" started-at="2024-07-25T18:51:15 IST" name="test_Varun" finished-at="2024-07-25T18:51:56 IST" duration-ms="40886" status="PASS">
          <reporter-output>
          </reporter-output>
        </test-method> <!-- test_Varun -->
      </class> <!-- Project.Test_2 -->
      <class name="Project.Test_3">
        <test-method signature="Test_Shivam()[pri:0, instance:Project.Test_3@76ed1b7c]" started-at="2024-07-25T18:51:56 IST" name="Test_Shivam" finished-at="2024-07-25T18:53:55 IST" duration-ms="119514" status="PASS">
          <reporter-output>
          </reporter-output>
        </test-method> <!-- Test_Shivam -->
      </class> <!-- Project.Test_3 -->
    </test> <!-- Test -->
  </suite> <!-- Suite -->
</testng-results>
